d:\basic\desktop\windowsprogramming\2022-11-24\servermt\servermt\debug\servermt.pch
d:\basic\desktop\windowsprogramming\2022-11-24\servermt\servermt\debug\vc120.pdb
d:\basic\desktop\windowsprogramming\2022-11-24\servermt\servermt\debug\vc120.idb
d:\basic\desktop\windowsprogramming\2022-11-24\servermt\servermt\debug\stdafx.obj
d:\basic\desktop\windowsprogramming\2022-11-24\servermt\servermt\debug\servermt.obj
d:\basic\desktop\windowsprogramming\2022-11-25\servermt\servermt\debug\servermt.pch
d:\basic\desktop\windowsprogramming\2022-11-25\servermt\servermt\debug\vc120.pdb
d:\basic\desktop\windowsprogramming\2022-11-25\servermt\servermt\debug\vc120.idb
d:\basic\desktop\windowsprogramming\2022-11-25\servermt\servermt\debug\stdafx.obj
d:\basic\desktop\windowsprogramming\2022-11-25\servermt\servermt\debug\socketforserver.obj
d:\basic\desktop\windowsprogramming\2022-11-24\servermt\debug\servermt.ilk
d:\basic\desktop\windowsprogramming\2022-11-24\servermt\debug\servermt.exe
d:\basic\desktop\windowsprogramming\2022-11-24\servermt\debug\servermt.pdb
d:\basic\desktop\windowsprogramming\2022-11-25\servermt\debug\servermt.ilk
d:\basic\desktop\windowsprogramming\2022-11-25\servermt\debug\servermt.exe
d:\basic\desktop\windowsprogramming\2022-11-25\servermt\debug\servermt.pdb
d:\basic\desktop\windowsprogramming\2022-11-25\servermt\servermt\debug\servermt.tlog\cl.command.1.tlog
d:\basic\desktop\windowsprogramming\2022-11-25\servermt\servermt\debug\servermt.tlog\cl.read.1.tlog
d:\basic\desktop\windowsprogramming\2022-11-25\servermt\servermt\debug\servermt.tlog\cl.write.1.tlog
d:\basic\desktop\windowsprogramming\2022-11-25\servermt\servermt\debug\servermt.tlog\link.command.1.tlog
d:\basic\desktop\windowsprogramming\2022-11-25\servermt\servermt\debug\servermt.tlog\link.read.1.tlog
d:\basic\desktop\windowsprogramming\2022-11-25\servermt\servermt\debug\servermt.tlog\link.write.1.tlog
