f:\备课\windows编程技术\4节课进度安排\第六次 套接字\10serverdemo\debug\10serverdemo.bsc
f:\备课\windows编程技术\4节课进度安排\第六次 套接字\10serverdemo\debug\vc120.pdb
f:\备课\windows编程技术\4节课进度安排\第六次 套接字\10serverdemo\debug\vc120.idb
f:\备课\windows编程技术\4节课进度安排\第六次 套接字\10serverdemo\debug\serverdemo.sbr
f:\备课\windows编程技术\4节课进度安排\第六次 套接字\10serverdemo\debug\serverdemo.obj
f:\备课\windows编程技术\4节课进度安排\第六次 套接字\10serverdemo\debug\10serverdemo.ilk
f:\备课\windows编程技术\4节课进度安排\第六次 套接字\10serverdemo\debug\10serverdemo.exe
f:\备课\windows编程技术\4节课进度安排\第六次 套接字\10serverdemo\debug\10serverdemo.pdb
d:\备课\windows编程技术\4节课进度安排\第六次 套接字\10serverdemo\debug\serverdemo.obj
d:\备课\windows编程技术\4节课进度安排\第六次 套接字\10serverdemo\debug\10serverdemo.ilk
d:\备课\windows编程技术\4节课进度安排\第六次 套接字\10serverdemo\debug\vc120.idb
d:\备课\windows编程技术\4节课进度安排\第六次 套接字\10serverdemo\debug\10serverdemo.pdb
d:\备课\windows编程技术\4节课进度安排\第六次 套接字\10serverdemo\debug\vc120.pdb
d:\备课\windows编程技术\4节课进度安排\第六次 套接字\10serverdemo\debug\10serverdemo.bsc
d:\备课\windows编程技术\4节课进度安排\第六次 套接字\10serverdemo\debug\serverdemo.sbr
d:\备课\windows编程技术\4节课进度安排\第六次 套接字\10serverdemo\debug\10serverdemo.tlog\bscmake.command.1.tlog
d:\备课\windows编程技术\4节课进度安排\第六次 套接字\10serverdemo\debug\10serverdemo.tlog\bscmake.read.1.tlog
d:\备课\windows编程技术\4节课进度安排\第六次 套接字\10serverdemo\debug\10serverdemo.tlog\bscmake.write.1.tlog
d:\备课\windows编程技术\4节课进度安排\第六次 套接字\10serverdemo\debug\10serverdemo.tlog\cl.command.1.tlog
d:\备课\windows编程技术\4节课进度安排\第六次 套接字\10serverdemo\debug\10serverdemo.tlog\cl.read.1.tlog
d:\备课\windows编程技术\4节课进度安排\第六次 套接字\10serverdemo\debug\10serverdemo.tlog\cl.write.1.tlog
d:\备课\windows编程技术\4节课进度安排\第六次 套接字\10serverdemo\debug\10serverdemo.tlog\link.command.1.tlog
d:\备课\windows编程技术\4节课进度安排\第六次 套接字\10serverdemo\debug\10serverdemo.tlog\link.read.1.tlog
d:\备课\windows编程技术\4节课进度安排\第六次 套接字\10serverdemo\debug\10serverdemo.tlog\link.write.1.tlog
