f:\备课\windows编程技术\4节课进度安排\第六次 套接字\10clientdemo\debug\10clientdemo.bsc
f:\备课\windows编程技术\4节课进度安排\第六次 套接字\10clientdemo\debug\vc120.pdb
f:\备课\windows编程技术\4节课进度安排\第六次 套接字\10clientdemo\debug\vc120.idb
f:\备课\windows编程技术\4节课进度安排\第六次 套接字\10clientdemo\debug\clientdemo.sbr
f:\备课\windows编程技术\4节课进度安排\第六次 套接字\10clientdemo\debug\clientdemo.obj
f:\备课\windows编程技术\4节课进度安排\第六次 套接字\10clientdemo\debug\10clientdemo.ilk
f:\备课\windows编程技术\4节课进度安排\第六次 套接字\10clientdemo\debug\10clientdemo.exe
f:\备课\windows编程技术\4节课进度安排\第六次 套接字\10clientdemo\debug\10clientdemo.pdb
d:\备课\windows编程技术\4节课进度安排\第六次 套接字\10clientdemo\debug\clientdemo.obj
d:\备课\windows编程技术\4节课进度安排\第六次 套接字\10clientdemo\debug\10clientdemo.ilk
d:\备课\windows编程技术\4节课进度安排\第六次 套接字\10clientdemo\debug\vc120.idb
d:\备课\windows编程技术\4节课进度安排\第六次 套接字\10clientdemo\debug\10clientdemo.pdb
d:\备课\windows编程技术\4节课进度安排\第六次 套接字\10clientdemo\debug\vc120.pdb
d:\备课\windows编程技术\4节课进度安排\第六次 套接字\10clientdemo\debug\10clientdemo.bsc
d:\备课\windows编程技术\4节课进度安排\第六次 套接字\10clientdemo\debug\clientdemo.sbr
d:\备课\windows编程技术\4节课进度安排\第六次 套接字\10clientdemo\.\debug\10clientdemo.exe
d:\备课\windows编程技术\4节课进度安排\第六次 套接字\10clientdemo\debug\10clientdemo.tlog\bscmake.command.1.tlog
d:\备课\windows编程技术\4节课进度安排\第六次 套接字\10clientdemo\debug\10clientdemo.tlog\bscmake.read.1.tlog
d:\备课\windows编程技术\4节课进度安排\第六次 套接字\10clientdemo\debug\10clientdemo.tlog\bscmake.write.1.tlog
d:\备课\windows编程技术\4节课进度安排\第六次 套接字\10clientdemo\debug\10clientdemo.tlog\cl.command.1.tlog
d:\备课\windows编程技术\4节课进度安排\第六次 套接字\10clientdemo\debug\10clientdemo.tlog\cl.read.1.tlog
d:\备课\windows编程技术\4节课进度安排\第六次 套接字\10clientdemo\debug\10clientdemo.tlog\cl.write.1.tlog
d:\备课\windows编程技术\4节课进度安排\第六次 套接字\10clientdemo\debug\10clientdemo.tlog\link.command.1.tlog
d:\备课\windows编程技术\4节课进度安排\第六次 套接字\10clientdemo\debug\10clientdemo.tlog\link.read.1.tlog
d:\备课\windows编程技术\4节课进度安排\第六次 套接字\10clientdemo\debug\10clientdemo.tlog\link.write.1.tlog
